1605776078510	geckodriver	INFO	Listening on 127.0.0.1:53196
1605776081545	mozrunner::runner	INFO	Running command: "C:\\Program Files\\Mozilla Firefox\\firefox.exe" "--marionette" "-foreground" "-no-remote" "-profile" "C:\\Users\\Chrisse\\AppData\\Local\\Temp\\rust_mozprofilesYhbe3"
JavaScript error: resource://gre/modules/XULStore.jsm, line 66: Error: Can't find profile directory.
console.error: SearchCache: "_readCacheFile: Error reading cache file:" (new Error("", "(unknown module)"))
1605776084978	Marionette	INFO	Listening on port 53204
1605776085077	Marionette	WARN	TLS certificate errors will be ignored for this session
JavaScript error: resource://gre/modules/URIFixup.jsm, line 271: NS_ERROR_FAILURE: Should pass a non-null uri
1605776100944	Marionette	INFO	Stopped listening on port 53204
[Parent 9744, Gecko_IOThread] WARNING: file /builds/worker/checkouts/gecko/ipc/chromium/src/base/process_util_win.cc, line 166

###!!! [Child][RunMessage] Error: Channel closing: too late to send/recv, messages will be lost

1605776107438	geckodriver	INFO	Listening on 127.0.0.1:53277
1605776110469	mozrunner::runner	INFO	Running command: "C:\\Program Files\\Mozilla Firefox\\firefox.exe" "--marionette" "-foreground" "-no-remote" "-profile" "C:\\Users\\Chrisse\\AppData\\Local\\Temp\\rust_mozprofilen6CiP5"
JavaScript error: resource://gre/modules/XULStore.jsm, line 66: Error: Can't find profile directory.
console.error: SearchCache: "_readCacheFile: Error reading cache file:" (new Error("", "(unknown module)"))
1605776112863	Marionette	INFO	Listening on port 53285
1605776113180	Marionette	WARN	TLS certificate errors will be ignored for this session
JavaScript error: resource://gre/modules/URIFixup.jsm, line 271: NS_ERROR_FAILURE: Should pass a non-null uri
JavaScript error: https://www.facebook.com/rsrc.php/v3/yo/r/AYsnhz7pDdC.js?_nc_x=Ij3Wp8lg5Kz, line 3: ReferenceError: __d is not defined
JavaScript error: https://www.facebook.com/rsrc.php/v3/y-/r/hxEN7bk-l2v.js?_nc_x=Ij3Wp8lg5Kz, line 3: ReferenceError: __d is not defined
JavaScript error: https://www.facebook.com/rsrc.php/v3/yJ/r/Cz1k2uqa7Wk.js?_nc_x=Ij3Wp8lg5Kz, line 3: ReferenceError: __d is not defined
JavaScript error: https://www.facebook.com/v2.12/plugins/customerchat.php?app_id=&attribution=wordpress&channel=https%3A%2F%2Fstaticxx.facebook.com%2Fx%2Fconnect%2Fxd_arbiter%2F%3Fversion%3D46%23cb%3Df1c5a0bbd114a94%26domain%3Dkyh.se%26origin%3Dhttps%253A%252F%252Fkyh.se%252Ffc91a3820af38c%26relation%3Dparent.parent&container_width=0&locale=sv_SE&logged_in_greeting=Hej!%20Hur%20kan%20vi%20hj%C3%A4lpa%20till%3F%20%3F&logged_out_greeting=Hej!%20Hur%20kan%20vi%20hj%C3%A4lpa%20till%3F%20%3F&page_id=882264405170056&request_time=1605776121519&sdk=joey&theme_color=%23ff6205, line 8: ReferenceError: requireLazy is not defined
JavaScript error: https://www.facebook.com/v2.12/plugins/customerchat.php?app_id=&attribution=wordpress&channel=https%3A%2F%2Fstaticxx.facebook.com%2Fx%2Fconnect%2Fxd_arbiter%2F%3Fversion%3D46%23cb%3Df1c5a0bbd114a94%26domain%3Dkyh.se%26origin%3Dhttps%253A%252F%252Fkyh.se%252Ffc91a3820af38c%26relation%3Dparent.parent&container_width=0&locale=sv_SE&logged_in_greeting=Hej!%20Hur%20kan%20vi%20hj%C3%A4lpa%20till%3F%20%3F&logged_out_greeting=Hej!%20Hur%20kan%20vi%20hj%C3%A4lpa%20till%3F%20%3F&page_id=882264405170056&request_time=1605776121519&sdk=joey&theme_color=%23ff6205, line 9: ReferenceError: requireLazy is not defined
JavaScript error: https://www.facebook.com/v2.12/plugins/customerchat.php?app_id=&attribution=wordpress&channel=https%3A%2F%2Fstaticxx.facebook.com%2Fx%2Fconnect%2Fxd_arbiter%2F%3Fversion%3D46%23cb%3Df1c5a0bbd114a94%26domain%3Dkyh.se%26origin%3Dhttps%253A%252F%252Fkyh.se%252Ffc91a3820af38c%26relation%3Dparent.parent&container_width=0&locale=sv_SE&logged_in_greeting=Hej!%20Hur%20kan%20vi%20hj%C3%A4lpa%20till%3F%20%3F&logged_out_greeting=Hej!%20Hur%20kan%20vi%20hj%C3%A4lpa%20till%3F%20%3F&page_id=882264405170056&request_time=1605776121519&sdk=joey&theme_color=%23ff6205, line 10: ReferenceError: requireLazy is not defined
JavaScript error: https://www.facebook.com/v2.12/plugins/customerchat.php?app_id=&attribution=wordpress&channel=https%3A%2F%2Fstaticxx.facebook.com%2Fx%2Fconnect%2Fxd_arbiter%2F%3Fversion%3D46%23cb%3Df1c5a0bbd114a94%26domain%3Dkyh.se%26origin%3Dhttps%253A%252F%252Fkyh.se%252Ffc91a3820af38c%26relation%3Dparent.parent&container_width=0&locale=sv_SE&logged_in_greeting=Hej!%20Hur%20kan%20vi%20hj%C3%A4lpa%20till%3F%20%3F&logged_out_greeting=Hej!%20Hur%20kan%20vi%20hj%C3%A4lpa%20till%3F%20%3F&page_id=882264405170056&request_time=1605776121519&sdk=joey&theme_color=%23ff6205, line 11: ReferenceError: requireLazy is not defined
1605776126616	Marionette	INFO	Stopped listening on port 53285

###!!! [Child][RunMessage] Error: Channel closing: too late to send/recv, messages will be lost

1605776238058	geckodriver	INFO	Listening on 127.0.0.1:53421
1605776241096	mozrunner::runner	INFO	Running command: "C:\\Program Files\\Mozilla Firefox\\firefox.exe" "--marionette" "-foreground" "-no-remote" "-profile" "C:\\Users\\Chrisse\\AppData\\Local\\Temp\\rust_mozprofilepGlsM6"
JavaScript error: resource://gre/modules/XULStore.jsm, line 66: Error: Can't find profile directory.
console.error: SearchCache: "_readCacheFile: Error reading cache file:" (new Error("", "(unknown module)"))
1605776243472	Marionette	INFO	Listening on port 53429
1605776243817	Marionette	WARN	TLS certificate errors will be ignored for this session
JavaScript error: resource://gre/modules/URIFixup.jsm, line 271: NS_ERROR_FAILURE: Should pass a non-null uri
IPDL protocol error: Handler returned error code!

###!!! [Parent][DispatchAsyncMessage] Error: PLayerTransaction::Msg_ReleaseLayer Processing error: message was deserialized, but the handler returned false (indicating failure)

IPDL protocol error: Handler returned error code!

###!!! [Parent][DispatchAsyncMessage] Error: PLayerTransaction::Msg_ReleaseLayer Processing error: message was deserialized, but the handler returned false (indicating failure)

IPDL protocol error: Handler returned error code!

###!!! [Parent][DispatchAsyncMessage] Error: PLayerTransaction::Msg_ReleaseLayer Processing error: message was deserialized, but the handler returned false (indicating failure)

IPDL protocol error: Handler returned error code!

###!!! [Parent][DispatchAsyncMessage] Error: PLayerTransaction::Msg_ReleaseLayer Processing error: message was deserialized, but the handler returned false (indicating failure)

IPDL protocol error: Handler returned error code!

###!!! [Parent][DispatchAsyncMessage] Error: PLayerTransaction::Msg_ReleaseLayer Processing error: message was deserialized, but the handler returned false (indicating failure)

IPDL protocol error: Handler returned error code!

###!!! [Parent][DispatchAsyncMessage] Error: PLayerTransaction::Msg_ReleaseLayer Processing error: message was deserialized, but the handler returned false (indicating failure)

IPDL protocol error: Handler returned error code!

###!!! [Parent][DispatchAsyncMessage] Error: PLayerTransaction::Msg_ReleaseLayer Processing error: message was deserialized, but the handler returned false (indicating failure)

IPDL protocol error: Handler returned error code!

###!!! [Parent][DispatchAsyncMessage] Error: PLayerTransaction::Msg_ReleaseLayer Processing error: message was deserialized, but the handler returned false (indicating failure)

IPDL protocol error: Handler returned error code!

###!!! [Parent][DispatchAsyncMessage] Error: PLayerTransaction::Msg_ReleaseLayer Processing error: message was deserialized, but the handler returned false (indicating failure)

IPDL protocol error: Handler returned error code!

###!!! [Parent][DispatchAsyncMessage] Error: PLayerTransaction::Msg_ReleaseLayer Processing error: message was deserialized, but the handler returned false (indicating failure)

IPDL protocol error: Handler returned error code!

###!!! [Parent][DispatchAsyncMessage] Error: PLayerTransaction::Msg_ReleaseLayer Processing error: message was deserialized, but the handler returned false (indicating failure)

IPDL protocol error: Handler returned error code!

###!!! [Parent][DispatchAsyncMessage] Error: PLayerTransaction::Msg_ReleaseLayer Processing error: message was deserialized, but the handler returned false (indicating failure)

IPDL protocol error: Handler returned error code!

###!!! [Parent][DispatchAsyncMessage] Error: PLayerTransaction::Msg_ReleaseLayer Processing error: message was deserialized, but the handler returned false (indicating failure)

JavaScript error: chrome://marionette/content/proxy.js, line 287: NS_ERROR_NOT_INITIALIZED
[Child 7448, Chrome_ChildThread] WARNING: pipe error: 232: file /builds/worker/checkouts/gecko/ipc/chromium/src/chrome/common/ipc_channel_win.cc, line 545
[Parent 9076, Gecko_IOThread] WARNING: file /builds/worker/checkouts/gecko/ipc/chromium/src/base/process_util_win.cc, line 166
1605776248867	Marionette	INFO	Stopped listening on port 53429

###!!! [Child][RunMessage] Error: Channel closing: too late to send/recv, messages will be lost

1605776321068	geckodriver	INFO	Listening on 127.0.0.1:53504
1605776324083	mozrunner::runner	INFO	Running command: "C:\\Program Files\\Mozilla Firefox\\firefox.exe" "--marionette" "-foreground" "-no-remote" "-profile" "C:\\Users\\Chrisse\\AppData\\Local\\Temp\\rust_mozprofiled7CzEl"
JavaScript error: resource://gre/modules/XULStore.jsm, line 66: Error: Can't find profile directory.
console.error: SearchCache: "_readCacheFile: Error reading cache file:" (new Error("", "(unknown module)"))
1605776326541	Marionette	INFO	Listening on port 53512
1605776326876	Marionette	WARN	TLS certificate errors will be ignored for this session
JavaScript error: resource://gre/modules/URIFixup.jsm, line 271: NS_ERROR_FAILURE: Should pass a non-null uri
1605776329639	Marionette	INFO	Stopped listening on port 53512
IPDL protocol error: Handler returned error code!

###!!! [Parent][DispatchAsyncMessage] Error: PLayerTransaction::Msg_ReleaseLayer Processing error: message was deserialized, but the handler returned false (indicating failure)

IPDL protocol error: Handler returned error code!

###!!! [Parent][DispatchAsyncMessage] Error: PLayerTransaction::Msg_ReleaseLayer Processing error: message was deserialized, but the handler returned false (indicating failure)

JavaScript error: resource://gre/modules/Sqlite.jsm, line 1031: Error: Sqlite.jsm has been shutdown. Cannot open connection to: C:\Users\Chrisse\AppData\Local\Temp\rust_mozprofiled7CzEl\protections.sqlite

###!!! [Child][RunMessage] Error: Channel closing: too late to send/recv, messages will be lost


###!!! [Child][MessageChannel::SendAndWait] Error: Channel error: cannot send/recv

1605777438725	geckodriver	INFO	Listening on 127.0.0.1:53695
1605777441760	mozrunner::runner	INFO	Running command: "C:\\Program Files\\Mozilla Firefox\\firefox.exe" "--marionette" "-foreground" "-no-remote" "-profile" "C:\\Users\\Chrisse\\AppData\\Local\\Temp\\rust_mozprofileWOmfwp"
JavaScript error: resource://gre/modules/XULStore.jsm, line 66: Error: Can't find profile directory.
console.error: SearchCache: "_readCacheFile: Error reading cache file:" (new Error("", "(unknown module)"))
1605777444369	Marionette	INFO	Listening on port 53703
1605777444462	Marionette	WARN	TLS certificate errors will be ignored for this session
JavaScript error: resource://gre/modules/URIFixup.jsm, line 271: NS_ERROR_FAILURE: Should pass a non-null uri
1605777447506	Marionette	INFO	Stopped listening on port 53703

###!!! [Child][MessageChannel] Error: (msgtype=0x5A000D,name=PHttpChannel::Msg_DeletingChannel) Channel closing: too late to send/recv, messages will be lost


###!!! [Child][RunMessage] Error: Channel closing: too late to send/recv, messages will be lost


###!!! [Child][MessageChannel::SendAndWait] Error: Channel error: cannot send/recv

1605777516219	geckodriver	INFO	Listening on 127.0.0.1:53754
1605777519236	mozrunner::runner	INFO	Running command: "C:\\Program Files\\Mozilla Firefox\\firefox.exe" "--marionette" "-foreground" "-no-remote" "-profile" "C:\\Users\\Chrisse\\AppData\\Local\\Temp\\rust_mozprofileHSthN8"
JavaScript error: resource://gre/modules/XULStore.jsm, line 66: Error: Can't find profile directory.
console.error: SearchCache: "_readCacheFile: Error reading cache file:" (new Error("", "(unknown module)"))
1605777521612	Marionette	INFO	Listening on port 53762
1605777521946	Marionette	WARN	TLS certificate errors will be ignored for this session
JavaScript error: resource://gre/modules/URIFixup.jsm, line 271: NS_ERROR_FAILURE: Should pass a non-null uri
1605777529770	Marionette	INFO	Stopped listening on port 53762

###!!! [Child][RunMessage] Error: Channel closing: too late to send/recv, messages will be lost


###!!! [Child][MessageChannel::SendAndWait] Error: Channel error: cannot send/recv

1605778113162	geckodriver	INFO	Listening on 127.0.0.1:53840
1605778116218	mozrunner::runner	INFO	Running command: "C:\\Program Files\\Mozilla Firefox\\firefox.exe" "--marionette" "-foreground" "-no-remote" "-profile" "C:\\Users\\Chrisse\\AppData\\Local\\Temp\\rust_mozprofileboMEN6"
JavaScript error: resource://gre/modules/XULStore.jsm, line 66: Error: Can't find profile directory.
console.error: SearchCache: "_readCacheFile: Error reading cache file:" (new Error("", "(unknown module)"))
1605778118744	Marionette	INFO	Listening on port 53848
1605778119004	Marionette	WARN	TLS certificate errors will be ignored for this session
JavaScript error: resource://gre/modules/URIFixup.jsm, line 271: NS_ERROR_FAILURE: Should pass a non-null uri
1605778121636	Marionette	INFO	Stopped listening on port 53848
[Parent 9148, Gecko_IOThread] WARNING: file /builds/worker/checkouts/gecko/ipc/chromium/src/base/process_util_win.cc, line 166
IPDL protocol error: Handler returned error code!

###!!! [Parent][DispatchAsyncMessage] Error: PLayerTransaction::Msg_ReleaseLayer Processing error: message was deserialized, but the handler returned false (indicating failure)

JavaScript error: resource:///modules/FaviconLoader.jsm, line 568: InvalidStateError: An attempt was made to use an object that is not, or is no longer, usable

###!!! [Child][RunMessage] Error: Channel closing: too late to send/recv, messages will be lost


###!!! [Child][RunMessage] Error: Channel closing: too late to send/recv, messages will be lost


###!!! [Child][MessageChannel::SendAndWait] Error: Channel error: cannot send/recv

1605778168386	geckodriver	INFO	Listening on 127.0.0.1:53895
1605778171431	mozrunner::runner	INFO	Running command: "C:\\Program Files\\Mozilla Firefox\\firefox.exe" "--marionette" "-foreground" "-no-remote" "-profile" "C:\\Users\\Chrisse\\AppData\\Local\\Temp\\rust_mozprofileMMzSvP"
JavaScript error: resource://gre/modules/XULStore.jsm, line 66: Error: Can't find profile directory.
console.error: SearchCache: "_readCacheFile: Error reading cache file:" (new Error("", "(unknown module)"))
1605778173852	Marionette	INFO	Listening on port 53903
1605778174139	Marionette	WARN	TLS certificate errors will be ignored for this session
JavaScript error: resource://gre/modules/URIFixup.jsm, line 271: NS_ERROR_FAILURE: Should pass a non-null uri
1605778181871	Marionette	INFO	Stopped listening on port 53903

###!!! [Child][RunMessage] Error: Channel closing: too late to send/recv, messages will be lost


###!!! [Child][MessageChannel::SendAndWait] Error: Channel error: cannot send/recv

1605778292492	geckodriver	INFO	Listening on 127.0.0.1:53969
1605778295554	mozrunner::runner	INFO	Running command: "C:\\Program Files\\Mozilla Firefox\\firefox.exe" "--marionette" "-foreground" "-no-remote" "-profile" "C:\\Users\\Chrisse\\AppData\\Local\\Temp\\rust_mozprofilefraO9r"
JavaScript error: resource://gre/modules/XULStore.jsm, line 66: Error: Can't find profile directory.
console.error: SearchCache: "_readCacheFile: Error reading cache file:" (new Error("", "(unknown module)"))
1605778297955	Marionette	INFO	Listening on port 53977
1605778298289	Marionette	WARN	TLS certificate errors will be ignored for this session
JavaScript error: resource://gre/modules/URIFixup.jsm, line 271: NS_ERROR_FAILURE: Should pass a non-null uri
1605778300937	Marionette	INFO	Stopped listening on port 53977
IPDL protocol error: Handler returned error code!

###!!! [Parent][DispatchAsyncMessage] Error: PLayerTransaction::Msg_ReleaseLayer Processing error: message was deserialized, but the handler returned false (indicating failure)

IPDL protocol error: Handler returned error code!

###!!! [Parent][DispatchAsyncMessage] Error: PLayerTransaction::Msg_ReleaseLayer Processing error: message was deserialized, but the handler returned false (indicating failure)

JavaScript error: resource://gre/modules/Sqlite.jsm, line 1031: Error: Sqlite.jsm has been shutdown. Cannot open connection to: C:\Users\Chrisse\AppData\Local\Temp\rust_mozprofilefraO9r\protections.sqlite

###!!! [Child][RunMessage] Error: Channel closing: too late to send/recv, messages will be lost


###!!! [Child][MessageChannel::SendAndWait] Error: Channel error: cannot send/recv

1605778336918	geckodriver	INFO	Listening on 127.0.0.1:54023
1605778339938	mozrunner::runner	INFO	Running command: "C:\\Program Files\\Mozilla Firefox\\firefox.exe" "--marionette" "-foreground" "-no-remote" "-profile" "C:\\Users\\Chrisse\\AppData\\Local\\Temp\\rust_mozprofileyk2KkJ"
JavaScript error: resource://gre/modules/XULStore.jsm, line 66: Error: Can't find profile directory.
console.error: SearchCache: "_readCacheFile: Error reading cache file:" (new Error("", "(unknown module)"))
1605778342360	Marionette	INFO	Listening on port 54031
1605778342645	Marionette	WARN	TLS certificate errors will be ignored for this session
JavaScript error: resource://gre/modules/URIFixup.jsm, line 271: NS_ERROR_FAILURE: Should pass a non-null uri
1605778345351	Marionette	INFO	Stopped listening on port 54031
IPDL protocol error: Handler returned error code!

###!!! [Parent][DispatchAsyncMessage] Error: PLayerTransaction::Msg_ReleaseLayer Processing error: message was deserialized, but the handler returned false (indicating failure)

JavaScript error: resource://gre/modules/Sqlite.jsm, line 1031: Error: Sqlite.jsm has been shutdown. Cannot open connection to: C:\Users\Chrisse\AppData\Local\Temp\rust_mozprofileyk2KkJ\protections.sqlite

###!!! [Child][MessageChannel] Error: (msgtype=0x5A0011,name=PHttpChannel::Msg___delete__) Channel closing: too late to send/recv, messages will be lost


###!!! [Child][MessageChannel] Error: (msgtype=0x6A0029,name=PNecko::Msg_RemoveRequestContext) Channel closing: too late to send/recv, messages will be lost


###!!! [Child][RunMessage] Error: Channel closing: too late to send/recv, messages will be lost


###!!! [Child][RunMessage] Error: Channel closing: too late to send/recv, messages will be lost


###!!! [Child][RunMessage] Error: Channel closing: too late to send/recv, messages will be lost


###!!! [Child][RunMessage] Error: Channel closing: too late to send/recv, messages will be lost


###!!! [Child][RunMessage] Error: Channel closing: too late to send/recv, messages will be lost


###!!! [Child][RunMessage] Error: Channel closing: too late to send/recv, messages will be lost


###!!! [Child][RunMessage] Error: Channel closing: too late to send/recv, messages will be lost


###!!! [Child][MessageChannel::SendAndWait] Error: Channel error: cannot send/recv

1605778376400	geckodriver	INFO	Listening on 127.0.0.1:54081
1605778379432	mozrunner::runner	INFO	Running command: "C:\\Program Files\\Mozilla Firefox\\firefox.exe" "--marionette" "-foreground" "-no-remote" "-profile" "C:\\Users\\Chrisse\\AppData\\Local\\Temp\\rust_mozprofileZIN20e"
JavaScript error: resource://gre/modules/XULStore.jsm, line 66: Error: Can't find profile directory.
console.error: SearchCache: "_readCacheFile: Error reading cache file:" (new Error("", "(unknown module)"))
1605778381906	Marionette	INFO	Listening on port 54089
1605778382223	Marionette	WARN	TLS certificate errors will be ignored for this session
JavaScript error: resource://gre/modules/URIFixup.jsm, line 271: NS_ERROR_FAILURE: Should pass a non-null uri
1605778384859	Marionette	INFO	Stopped listening on port 54089
IPDL protocol error: Handler returned error code!

###!!! [Parent][DispatchAsyncMessage] Error: PLayerTransaction::Msg_ReleaseLayer Processing error: message was deserialized, but the handler returned false (indicating failure)

JavaScript error: resource://gre/modules/Sqlite.jsm, line 1031: Error: Sqlite.jsm has been shutdown. Cannot open connection to: C:\Users\Chrisse\AppData\Local\Temp\rust_mozprofileZIN20e\protections.sqlite

###!!! [Child][RunMessage] Error: Channel closing: too late to send/recv, messages will be lost


###!!! [Child][RunMessage] Error: Channel closing: too late to send/recv, messages will be lost


###!!! [Child][MessageChannel::SendAndWait] Error: Channel error: cannot send/recv

1605778451807	geckodriver	INFO	Listening on 127.0.0.1:54137
1605778454847	mozrunner::runner	INFO	Running command: "C:\\Program Files\\Mozilla Firefox\\firefox.exe" "--marionette" "-foreground" "-no-remote" "-profile" "C:\\Users\\Chrisse\\AppData\\Local\\Temp\\rust_mozprofilek23dvy"
JavaScript error: resource://gre/modules/XULStore.jsm, line 66: Error: Can't find profile directory.
console.error: SearchCache: "_readCacheFile: Error reading cache file:" (new Error("", "(unknown module)"))
1605778457252	Marionette	INFO	Listening on port 54145
1605778457636	Marionette	WARN	TLS certificate errors will be ignored for this session
JavaScript error: resource://gre/modules/URIFixup.jsm, line 271: NS_ERROR_FAILURE: Should pass a non-null uri
1605778460336	Marionette	INFO	Stopped listening on port 54145
IPDL protocol error: Handler returned error code!

###!!! [Parent][DispatchAsyncMessage] Error: PLayerTransaction::Msg_ReleaseLayer Processing error: message was deserialized, but the handler returned false (indicating failure)

IPDL protocol error: Handler returned error code!

###!!! [Parent][DispatchAsyncMessage] Error: PLayerTransaction::Msg_ReleaseLayer Processing error: message was deserialized, but the handler returned false (indicating failure)


###!!! [Child][MessageChannel::SendAndWait] Error: Channel error: cannot send/recv

1605778701795	geckodriver	INFO	Listening on 127.0.0.1:54239
1605778704822	mozrunner::runner	INFO	Running command: "C:\\Program Files\\Mozilla Firefox\\firefox.exe" "--marionette" "-foreground" "-no-remote" "-profile" "C:\\Users\\Chrisse\\AppData\\Local\\Temp\\rust_mozprofilemK5RiW"
JavaScript error: resource://gre/modules/XULStore.jsm, line 66: Error: Can't find profile directory.
console.error: SearchCache: "_readCacheFile: Error reading cache file:" (new Error("", "(unknown module)"))
1605778707333	Marionette	INFO	Listening on port 54247
1605778707533	Marionette	WARN	TLS certificate errors will be ignored for this session
JavaScript error: resource://gre/modules/URIFixup.jsm, line 271: NS_ERROR_FAILURE: Should pass a non-null uri
1605778720998	Marionette	INFO	Stopped listening on port 54247

###!!! [Child][RunMessage] Error: Channel closing: too late to send/recv, messages will be lost


###!!! [Child][MessageChannel::SendAndWait] Error: Channel error: cannot send/recv

1605778755645	geckodriver	INFO	Listening on 127.0.0.1:54294
1605778758665	mozrunner::runner	INFO	Running command: "C:\\Program Files\\Mozilla Firefox\\firefox.exe" "--marionette" "-foreground" "-no-remote" "-profile" "C:\\Users\\Chrisse\\AppData\\Local\\Temp\\rust_mozprofileM2Uu82"
JavaScript error: resource://gre/modules/XULStore.jsm, line 66: Error: Can't find profile directory.
console.error: SearchCache: "_readCacheFile: Error reading cache file:" (new Error("", "(unknown module)"))
1605778761162	Marionette	INFO	Listening on port 54302
1605778761523	Marionette	WARN	TLS certificate errors will be ignored for this session
JavaScript error: resource://gre/modules/URIFixup.jsm, line 271: NS_ERROR_FAILURE: Should pass a non-null uri
1605778778933	Marionette	INFO	Stopped listening on port 54302
[Parent 5108, Gecko_IOThread] WARNING: file /builds/worker/checkouts/gecko/ipc/chromium/src/base/process_util_win.cc, line 166
[Child 5264, Chrome_ChildThread] WARNING: pipe error: 232: file /builds/worker/checkouts/gecko/ipc/chromium/src/chrome/common/ipc_channel_win.cc, line 545

###!!! [Child][RunMessage] Error: Channel closing: too late to send/recv, messages will be lost


###!!! [Child][RunMessage] Error: Channel closing: too late to send/recv, messages will be lost

